<?xml version="1.0" encoding="UTF-8"?>
<!-- Generated by org.testng.reporters.JUnitReportReporter -->
<testsuite hostname="DESKTOP-6FCQ5OF" failures="0" tests="4" name="testcases.Create_Product_testcases" time="34.714" errors="0" timestamp="2020-09-28T23:01:55 IST" skipped="0">
  <testcase classname="testcases.Create_Product_testcases" name="createProductsWithValidData" time="3.874"/>
  <system-out/>
  <testcase classname="testcases.Create_Product_testcases" name="createProductWithEmptyFiels" time="3.320"/>
  <system-out/>
  <testcase classname="testcases.Create_Product_testcases" name="verifyUniqueField" time="23.081"/>
  <system-out/>
  <testcase classname="testcases.Create_Product_testcases" name="verifyFieldLimits" time="4.439"/>
  <system-out/>
</testsuite> <!-- testcases.Create_Product_testcases -->
