<?xml version="1.0" encoding="UTF-8"?>
<!-- Generated by org.testng.reporters.JUnitReportReporter -->
<testsuite hostname="DESKTOP-6FCQ5OF" failures="0" tests="4" name="testcases.Update_Product_testcases" time="76.660" errors="0" timestamp="2020-09-28T23:01:55 IST" skipped="0">
  <testcase classname="testcases.Update_Product_testcases" name="updateProductsWithValidData" time="3.970"/>
  <system-out/>
  <testcase classname="testcases.Update_Product_testcases" name="createProductWithEmptyFiels" time="3.499"/>
  <system-out/>
  <testcase classname="testcases.Update_Product_testcases" name="verifyUniqueField" time="63.787"/>
  <system-out/>
  <testcase classname="testcases.Update_Product_testcases" name="verifyFieldLimits" time="5.404"/>
  <system-out/>
</testsuite> <!-- testcases.Update_Product_testcases -->
