<?xml version="1.0" encoding="UTF-8"?>
<!-- Generated by org.testng.reporters.JUnitReportReporter -->
<testsuite hostname="DESKTOP-6FCQ5OF" failures="0" tests="1" name="testcases.Products_Listing" time="1.037" errors="0" timestamp="2020-09-26T11:52:03 IST" skipped="0">
  <testcase classname="testcases.Products_Listing" name="verifyProductList" time="1.037"/>
  <system-out/>
</testsuite> <!-- testcases.Products_Listing -->
