<?xml version="1.0" encoding="UTF-8"?>
<!-- Generated by org.testng.reporters.JUnitReportReporter -->
<testsuite hostname="DESKTOP-6FCQ5OF" failures="0" tests="1" name="testcases.Login_testcase" time="1.310" errors="0" timestamp="2020-09-26T11:52:03 IST" skipped="0">
  <testcase classname="testcases.Login_testcase" name="loginTestCase" time="1.310"/>
  <system-out/>
</testsuite> <!-- testcases.Login_testcase -->
