<?xml version="1.0" encoding="UTF-8"?>
<!-- Generated by org.testng.reporters.JUnitReportReporter -->
<testsuite hostname="DESKTOP-6FCQ5OF" failures="0" tests="4" name="testcases.Update_Product_testcases" time="69.168" errors="0" timestamp="2020-09-28T01:28:21 IST" skipped="0">
  <testcase classname="testcases.Update_Product_testcases" name="updateProductsWithValidData" time="1.975"/>
  <system-out/>
  <testcase classname="testcases.Update_Product_testcases" name="createProductWithEmptyFiels" time="1.568"/>
  <system-out/>
  <testcase classname="testcases.Update_Product_testcases" name="verifyUniqueField" time="63.288"/>
  <system-out/>
  <testcase classname="testcases.Update_Product_testcases" name="verifyFieldLimits" time="2.337"/>
  <system-out/>
</testsuite> <!-- testcases.Update_Product_testcases -->
