<?xml version="1.0" encoding="UTF-8"?>
<!-- Generated by org.testng.reporters.JUnitReportReporter -->
<testsuite hostname="DESKTOP-6FCQ5OF" failures="0" tests="1" name="testcases.Delete_Product_testcases" time="2.333" errors="0" timestamp="2020-09-28T01:28:21 IST" skipped="0">
  <testcase classname="testcases.Delete_Product_testcases" name="deleteProduct" time="2.333"/>
  <system-out/>
</testsuite> <!-- testcases.Delete_Product_testcases -->
