<?xml version="1.0" encoding="UTF-8"?>
<!-- Generated by org.testng.reporters.JUnitReportReporter -->
<testsuite hostname="DESKTOP-6FCQ5OF" failures="0" tests="1" name="testcases.Login_testcases" time="1.133" errors="0" timestamp="2020-09-28T01:28:21 IST" skipped="0">
  <testcase classname="testcases.Login_testcases" name="loginTestCase" time="1.133"/>
  <system-out/>
</testsuite> <!-- testcases.Login_testcases -->
