<?xml version="1.0" encoding="UTF-8"?>
<!-- Generated by org.testng.reporters.JUnitReportReporter -->
<testsuite hostname="DESKTOP-6FCQ5OF" failures="0" tests="1" name="testcases.Products_Listing_testcases" time="0.801" errors="0" timestamp="2020-09-28T01:28:21 IST" skipped="0">
  <testcase classname="testcases.Products_Listing_testcases" name="verifyProductList" time="0.801"/>
  <system-out/>
</testsuite> <!-- testcases.Products_Listing_testcases -->
