<?xml version="1.0" encoding="UTF-8"?>
<!-- Generated by org.testng.reporters.JUnitReportReporter -->
<testsuite hostname="DESKTOP-6FCQ5OF" failures="0" tests="5" name="testcases.Login_TC" time="31.775" errors="0" timestamp="2020-10-16T23:25:40 IST" skipped="0">
  <testcase classname="testcases.Login_TC" name="authentication" time="1.014"/>
  <system-out/>
  <testcase classname="testcases.Login_TC" name="validateEmptyField" time="6.008"/>
  <system-out/>
  <testcase classname="testcases.Login_TC" name="validateLoginWithIncorrectEmail" time="5.887"/>
  <system-out/>
  <testcase classname="testcases.Login_TC" name="validateLoginWithUnregisteredEmail" time="6.513"/>
  <system-out/>
  <testcase classname="testcases.Login_TC" name="validateLoginWithCorrectDetails" time="12.353"/>
  <system-out/>
</testsuite> <!-- testcases.Login_TC -->
