<?xml version="1.0" encoding="UTF-8"?>
<!-- Generated by org.testng.reporters.JUnitReportReporter -->
<testsuite hostname="DESKTOP-6FCQ5OF" failures="0" tests="1" name="testcases.Registeration_TC" time="7.909" errors="0" timestamp="2020-10-15T16:19:07 IST" skipped="0">
  <testcase classname="testcases.Registeration_TC" name="doRegisteration" time="7.909"/>
  <system-out/>
</testsuite> <!-- testcases.Registeration_TC -->
