<?xml version="1.0" encoding="UTF-8"?>
<!-- Generated by org.testng.reporters.JUnitReportReporter -->
<testsuite hostname="DESKTOP-6FCQ5OF" failures="0" tests="10" name="testcases.CreateAccount_TC" time="40.144" errors="0" timestamp="2020-10-16T23:25:40 IST" skipped="0">
  <testcase classname="testcases.CreateAccount_TC" name="authentication" time="2.968"/>
  <system-out/>
  <testcase classname="testcases.CreateAccount_TC" name="validate_With_Empty_Email_Field" time="2.894"/>
  <system-out/>
  <testcase classname="testcases.CreateAccount_TC" name="validate_With_Incorrect_Email" time="3.476"/>
  <system-out/>
  <testcase classname="testcases.CreateAccount_TC" name="validate_With_Registered_Email" time="3.760"/>
  <system-out/>
  <testcase classname="testcases.CreateAccount_TC" name="validate_With_UnRegistered_Email" time="4.244"/>
  <system-out/>
  <testcase classname="testcases.CreateAccount_TC" name="validate_Email_In_PersonalFields" time="2.030"/>
  <system-out/>
  <testcase classname="testcases.CreateAccount_TC" name="validate_Empty_Personal_Info_Fields" time="4.510"/>
  <system-out/>
  <testcase classname="testcases.CreateAccount_TC" name="add_Personal_Information" time="4.760"/>
  <system-out/>
  <testcase classname="testcases.CreateAccount_TC" name="validate_Personal_Info_In_Address_Info" time="2.059"/>
  <system-out/>
  <testcase classname="testcases.CreateAccount_TC" name="add_Address_Information" time="9.443"/>
  <system-out/>
</testsuite> <!-- testcases.CreateAccount_TC -->
