<?xml version="1.0" encoding="UTF-8"?>
<testsuite xmlns:xsi="http://www.w3.org/2001/XMLSchema-instance" xsi:noNamespaceSchemaLocation="https://maven.apache.org/surefire/maven-surefire-plugin/xsd/surefire-test-report-3.0.xsd" version="3.0" name="TestSuite" time="158.383" tests="11" errors="0" skipped="0" failures="1">
  <properties>
    <property name="sun.desktop" value="windows"/>
    <property name="awt.toolkit" value="sun.awt.windows.WToolkit"/>
    <property name="java.specification.version" value="12"/>
    <property name="sun.cpu.isalist" value="amd64"/>
    <property name="sun.jnu.encoding" value="Cp1252"/>
    <property name="java.class.path" value="C:\Users\LT-273\Desktop\Harsh\Herokuapp_QA\target\test-classes;C:\Users\LT-273\Desktop\Harsh\Herokuapp_QA\target\classes;C:\Users\LT-273\.m2\repository\org\seleniumhq\selenium\selenium-java\3.141.59\selenium-java-3.141.59.jar;C:\Users\LT-273\.m2\repository\org\seleniumhq\selenium\selenium-api\3.141.59\selenium-api-3.141.59.jar;C:\Users\LT-273\.m2\repository\org\seleniumhq\selenium\selenium-chrome-driver\3.141.59\selenium-chrome-driver-3.141.59.jar;C:\Users\LT-273\.m2\repository\org\seleniumhq\selenium\selenium-edge-driver\3.141.59\selenium-edge-driver-3.141.59.jar;C:\Users\LT-273\.m2\repository\org\seleniumhq\selenium\selenium-firefox-driver\3.141.59\selenium-firefox-driver-3.141.59.jar;C:\Users\LT-273\.m2\repository\org\seleniumhq\selenium\selenium-ie-driver\3.141.59\selenium-ie-driver-3.141.59.jar;C:\Users\LT-273\.m2\repository\org\seleniumhq\selenium\selenium-opera-driver\3.141.59\selenium-opera-driver-3.141.59.jar;C:\Users\LT-273\.m2\repository\org\seleniumhq\selenium\selenium-remote-driver\3.141.59\selenium-remote-driver-3.141.59.jar;C:\Users\LT-273\.m2\repository\org\seleniumhq\selenium\selenium-safari-driver\3.141.59\selenium-safari-driver-3.141.59.jar;C:\Users\LT-273\.m2\repository\org\seleniumhq\selenium\selenium-support\3.141.59\selenium-support-3.141.59.jar;C:\Users\LT-273\.m2\repository\net\bytebuddy\byte-buddy\1.8.15\byte-buddy-1.8.15.jar;C:\Users\LT-273\.m2\repository\org\apache\commons\commons-exec\1.3\commons-exec-1.3.jar;C:\Users\LT-273\.m2\repository\com\google\guava\guava\25.0-jre\guava-25.0-jre.jar;C:\Users\LT-273\.m2\repository\com\google\code\findbugs\jsr305\1.3.9\jsr305-1.3.9.jar;C:\Users\LT-273\.m2\repository\org\checkerframework\checker-compat-qual\2.0.0\checker-compat-qual-2.0.0.jar;C:\Users\LT-273\.m2\repository\com\google\errorprone\error_prone_annotations\2.1.3\error_prone_annotations-2.1.3.jar;C:\Users\LT-273\.m2\repository\com\google\j2objc\j2objc-annotations\1.1\j2objc-annotations-1.1.jar;C:\Users\LT-273\.m2\repository\org\codehaus\mojo\animal-sniffer-annotations\1.14\animal-sniffer-annotations-1.14.jar;C:\Users\LT-273\.m2\repository\com\squareup\okhttp3\okhttp\3.11.0\okhttp-3.11.0.jar;C:\Users\LT-273\.m2\repository\com\squareup\okio\okio\1.14.0\okio-1.14.0.jar;C:\Users\LT-273\.m2\repository\org\testng\testng\7.1.0\testng-7.1.0.jar;C:\Users\LT-273\.m2\repository\com\beust\jcommander\1.72\jcommander-1.72.jar;C:\Users\LT-273\.m2\repository\com\google\inject\guice\4.1.0\guice-4.1.0-no_aop.jar;C:\Users\LT-273\.m2\repository\javax\inject\javax.inject\1\javax.inject-1.jar;C:\Users\LT-273\.m2\repository\aopalliance\aopalliance\1.0\aopalliance-1.0.jar;C:\Users\LT-273\.m2\repository\org\yaml\snakeyaml\1.21\snakeyaml-1.21.jar;"/>
    <property name="java.vm.vendor" value="Oracle Corporation"/>
    <property name="sun.arch.data.model" value="64"/>
    <property name="user.variant" value=""/>
    <property name="java.vendor.url" value="https://java.oracle.com/"/>
    <property name="user.timezone" value="Asia/Calcutta"/>
    <property name="os.name" value="Windows 10"/>
    <property name="java.vm.specification.version" value="12"/>
    <property name="sun.java.launcher" value="SUN_STANDARD"/>
    <property name="user.country" value="IN"/>
    <property name="sun.boot.library.path" value="C:\Program Files\Java\jdk-12.0.1\bin"/>
    <property name="sun.java.command" value="C:\Users\LT-273\AppData\Local\Temp\surefire13245077145204399622\surefirebooter3390152983560229561.jar C:\Users\LT-273\AppData\Local\Temp\surefire13245077145204399622 2020-09-28T01-25-40_733-jvmRun1 surefire14699290752910967425tmp surefire_03135186992957257687tmp"/>
    <property name="jdk.debug" value="release"/>
    <property name="surefire.test.class.path" value="C:\Users\LT-273\Desktop\Harsh\Herokuapp_QA\target\test-classes;C:\Users\LT-273\Desktop\Harsh\Herokuapp_QA\target\classes;C:\Users\LT-273\.m2\repository\org\seleniumhq\selenium\selenium-java\3.141.59\selenium-java-3.141.59.jar;C:\Users\LT-273\.m2\repository\org\seleniumhq\selenium\selenium-api\3.141.59\selenium-api-3.141.59.jar;C:\Users\LT-273\.m2\repository\org\seleniumhq\selenium\selenium-chrome-driver\3.141.59\selenium-chrome-driver-3.141.59.jar;C:\Users\LT-273\.m2\repository\org\seleniumhq\selenium\selenium-edge-driver\3.141.59\selenium-edge-driver-3.141.59.jar;C:\Users\LT-273\.m2\repository\org\seleniumhq\selenium\selenium-firefox-driver\3.141.59\selenium-firefox-driver-3.141.59.jar;C:\Users\LT-273\.m2\repository\org\seleniumhq\selenium\selenium-ie-driver\3.141.59\selenium-ie-driver-3.141.59.jar;C:\Users\LT-273\.m2\repository\org\seleniumhq\selenium\selenium-opera-driver\3.141.59\selenium-opera-driver-3.141.59.jar;C:\Users\LT-273\.m2\repository\org\seleniumhq\selenium\selenium-remote-driver\3.141.59\selenium-remote-driver-3.141.59.jar;C:\Users\LT-273\.m2\repository\org\seleniumhq\selenium\selenium-safari-driver\3.141.59\selenium-safari-driver-3.141.59.jar;C:\Users\LT-273\.m2\repository\org\seleniumhq\selenium\selenium-support\3.141.59\selenium-support-3.141.59.jar;C:\Users\LT-273\.m2\repository\net\bytebuddy\byte-buddy\1.8.15\byte-buddy-1.8.15.jar;C:\Users\LT-273\.m2\repository\org\apache\commons\commons-exec\1.3\commons-exec-1.3.jar;C:\Users\LT-273\.m2\repository\com\google\guava\guava\25.0-jre\guava-25.0-jre.jar;C:\Users\LT-273\.m2\repository\com\google\code\findbugs\jsr305\1.3.9\jsr305-1.3.9.jar;C:\Users\LT-273\.m2\repository\org\checkerframework\checker-compat-qual\2.0.0\checker-compat-qual-2.0.0.jar;C:\Users\LT-273\.m2\repository\com\google\errorprone\error_prone_annotations\2.1.3\error_prone_annotations-2.1.3.jar;C:\Users\LT-273\.m2\repository\com\google\j2objc\j2objc-annotations\1.1\j2objc-annotations-1.1.jar;C:\Users\LT-273\.m2\repository\org\codehaus\mojo\animal-sniffer-annotations\1.14\animal-sniffer-annotations-1.14.jar;C:\Users\LT-273\.m2\repository\com\squareup\okhttp3\okhttp\3.11.0\okhttp-3.11.0.jar;C:\Users\LT-273\.m2\repository\com\squareup\okio\okio\1.14.0\okio-1.14.0.jar;C:\Users\LT-273\.m2\repository\org\testng\testng\7.1.0\testng-7.1.0.jar;C:\Users\LT-273\.m2\repository\com\beust\jcommander\1.72\jcommander-1.72.jar;C:\Users\LT-273\.m2\repository\com\google\inject\guice\4.1.0\guice-4.1.0-no_aop.jar;C:\Users\LT-273\.m2\repository\javax\inject\javax.inject\1\javax.inject-1.jar;C:\Users\LT-273\.m2\repository\aopalliance\aopalliance\1.0\aopalliance-1.0.jar;C:\Users\LT-273\.m2\repository\org\yaml\snakeyaml\1.21\snakeyaml-1.21.jar;"/>
    <property name="sun.cpu.endian" value="little"/>
    <property name="user.home" value="C:\Users\LT-273"/>
    <property name="user.language" value="en"/>
    <property name="java.specification.vendor" value="Oracle Corporation"/>
    <property name="java.version.date" value="2019-04-16"/>
    <property name="java.home" value="C:\Program Files\Java\jdk-12.0.1"/>
    <property name="file.separator" value="\"/>
    <property name="basedir" value="C:\Users\LT-273\Desktop\Harsh\Herokuapp_QA"/>
    <property name="java.vm.compressedOopsMode" value="32-bit"/>
    <property name="line.separator" value="&#10;"/>
    <property name="java.vm.specification.vendor" value="Oracle Corporation"/>
    <property name="java.specification.name" value="Java Platform API Specification"/>
    <property name="java.awt.graphicsenv" value="sun.awt.Win32GraphicsEnvironment"/>
    <property name="surefire.real.class.path" value="C:\Users\LT-273\AppData\Local\Temp\surefire13245077145204399622\surefirebooter3390152983560229561.jar"/>
    <property name="user.script" value=""/>
    <property name="sun.management.compiler" value="HotSpot 64-Bit Tiered Compilers"/>
    <property name="java.runtime.version" value="12.0.1+12"/>
    <property name="webdriver.edge.driver" value="C:\Users\LT-273\Desktop\Harsh\Herokuapp_QA\edgedriver.exe"/>
    <property name="user.name" value="LT-273"/>
    <property name="path.separator" value=";"/>
    <property name="os.version" value="10.0"/>
    <property name="java.runtime.name" value="Java(TM) SE Runtime Environment"/>
    <property name="file.encoding" value="Cp1252"/>
    <property name="java.vm.name" value="Java HotSpot(TM) 64-Bit Server VM"/>
    <property name="localRepository" value="C:\Users\LT-273\.m2\repository"/>
    <property name="java.vendor.url.bug" value="https://bugreport.java.com/bugreport/"/>
    <property name="java.io.tmpdir" value="C:\Users\LT-273\AppData\Local\Temp\"/>
    <property name="java.version" value="12.0.1"/>
    <property name="user.dir" value="C:\Users\LT-273\Desktop\Harsh\Herokuapp_QA"/>
    <property name="os.arch" value="amd64"/>
    <property name="java.vm.specification.name" value="Java Virtual Machine Specification"/>
    <property name="sun.os.patch.level" value=""/>
    <property name="java.library.path" value="C:\Program Files\Java\jdk-12.0.1\bin;C:\WINDOWS\Sun\Java\bin;C:\WINDOWS\system32;C:\WINDOWS;C:\Program Files (x86)\Common Files\Oracle\Java\javapath;C:\Program Files (x86)\Intel\Intel(R) Management Engine Components\iCLS\;C:\Program Files\Intel\Intel(R) Management Engine Components\iCLS\;C:\Windows\system32;C:\Windows;C:\Windows\System32\Wbem;C:\Windows\System32\WindowsPowerShell\v1.0\;C:\Program Files (x86)\Intel\Intel(R) Management Engine Components\DAL;C:\Program Files\Intel\Intel(R) Management Engine Components\DAL;C:\Program Files (x86)\Intel\Intel(R) Management Engine Components\IPT;C:\Program Files\Intel\Intel(R) Management Engine Components\IPT;C:\Users\LT-273\AppData\Local\Android\Sdk\platform-tools\;C:\Program Files\Git\cmd;C:\WINDOWS\system32;C:\WINDOWS;C:\WINDOWS\System32\Wbem;C:\WINDOWS\System32\WindowsPowerShell\v1.0\;C:\WINDOWS\System32\OpenSSH\;C:\Users\LT-273\Desktop\API\original\axis2-1.6.2\bin;C:\Program Files\dotnet\;C:\Users\LT-273\AppData\Local\Android\Sdk\tools\bin;C:\Users\LT-273\AppData\Local\Android\Sdk\tools;C:\Users\LT-273\AppData\Local\Android\Sdk\platform-tools;C:\Users\LT-273\AppData\Local\Android\Sdk\emulator;C:\Program Files\nodejs\;C:\Program Files\nodejs\node_modules\npm\bin;C:\Users\LT-273\JUnitWorkspace\apache-maven-3.6.3-bin\apache-maven-3.6.3\bin;C:\Users\LT-273\AppData\Local\Microsoft\WindowsApps;C:\Users\LT-273\AppData\Local\Programs\Microsoft VS Code\bin;C:\Users\LT-273\AppData\Roaming\npm;."/>
    <property name="java.vm.info" value="mixed mode, sharing"/>
    <property name="java.vendor" value="Oracle Corporation"/>
    <property name="java.vm.version" value="12.0.1+12"/>
    <property name="sun.io.unicode.encoding" value="UnicodeLittle"/>
    <property name="java.class.version" value="56.0"/>
  </properties>
  <testcase name="loginTestCase" classname="testcases.Login_testcases" time="1.101">
    <system-err><![CDATA[Starting MSEdgeDriver 85.0.564.63 (54dee5e1d729e4c188896f1b1156e98e83557fcc) on port 41122
Only local connections are allowed.
Please see https://chromedriver.chromium.org/security-considerations for suggestions on keeping MSEdgeDriver safe.
MSEdgeDriver was started successfully.
Sep 28, 2020 1:25:47 AM org.openqa.selenium.remote.ProtocolHandshake createSession
INFO: Detected dialect: W3C
]]></system-err>
  </testcase>
  <testcase name="createProductsWithValidData" classname="testcases.Create_Product_testcases" time="0.993">
    <failure message="expected [true] but found [false]" type="java.lang.AssertionError"><![CDATA[java.lang.AssertionError: expected [true] but found [false]
	at testcases.Create_Product_testcases.createProductsWithValidData(Create_Product_testcases.java:53)
]]></failure>
    <system-out><![CDATA[Closed the browser
]]></system-out>
    <system-err><![CDATA[Starting MSEdgeDriver 85.0.564.63 (54dee5e1d729e4c188896f1b1156e98e83557fcc) on port 12795
Only local connections are allowed.
Please see https://chromedriver.chromium.org/security-considerations for suggestions on keeping MSEdgeDriver safe.
MSEdgeDriver was started successfully.
Sep 28, 2020 1:25:59 AM org.openqa.selenium.remote.ProtocolHandshake createSession
INFO: Detected dialect: W3C
]]></system-err>
  </testcase>
  <testcase name="createProductWithEmptyFiels" classname="testcases.Create_Product_testcases" time="1.029"/>
  <testcase name="verifyUniqueField" classname="testcases.Create_Product_testcases" time="21.08"/>
  <testcase name="verifyFieldLimits" classname="testcases.Create_Product_testcases" time="1.595"/>
  <testcase name="verifyProductList" classname="testcases.Products_Listing_testcases" time="0.137">
    <system-out><![CDATA[Closed the browser
]]></system-out>
    <system-err><![CDATA[Starting MSEdgeDriver 85.0.564.63 (54dee5e1d729e4c188896f1b1156e98e83557fcc) on port 12108
Only local connections are allowed.
Please see https://chromedriver.chromium.org/security-considerations for suggestions on keeping MSEdgeDriver safe.
MSEdgeDriver was started successfully.
Sep 28, 2020 1:26:36 AM org.openqa.selenium.remote.ProtocolHandshake createSession
INFO: Detected dialect: W3C
]]></system-err>
  </testcase>
  <testcase name="updateProductsWithValidData" classname="testcases.Update_Product_testcases" time="1.454">
    <system-out><![CDATA[Closed the browser
]]></system-out>
    <system-err><![CDATA[Starting MSEdgeDriver 85.0.564.63 (54dee5e1d729e4c188896f1b1156e98e83557fcc) on port 43769
Only local connections are allowed.
Please see https://chromedriver.chromium.org/security-considerations for suggestions on keeping MSEdgeDriver safe.
MSEdgeDriver was started successfully.
Sep 28, 2020 1:26:49 AM org.openqa.selenium.remote.ProtocolHandshake createSession
INFO: Detected dialect: W3C
]]></system-err>
  </testcase>
  <testcase name="createProductWithEmptyFiels" classname="testcases.Update_Product_testcases" time="1.106"/>
  <testcase name="verifyUniqueField" classname="testcases.Update_Product_testcases" time="62.049"/>
  <testcase name="verifyFieldLimits" classname="testcases.Update_Product_testcases" time="1.716"/>
  <testcase name="deleteProduct" classname="testcases.Delete_Product_testcases" time="1.68">
    <system-out><![CDATA[Closed the browser
]]></system-out>
    <system-err><![CDATA[Starting MSEdgeDriver 85.0.564.63 (54dee5e1d729e4c188896f1b1156e98e83557fcc) on port 25030
Only local connections are allowed.
Please see https://chromedriver.chromium.org/security-considerations for suggestions on keeping MSEdgeDriver safe.
MSEdgeDriver was started successfully.
Sep 28, 2020 1:28:10 AM org.openqa.selenium.remote.ProtocolHandshake createSession
INFO: Detected dialect: W3C
]]></system-err>
  </testcase>
</testsuite>